#
# There is insufficient memory for the Java Runtime Environment to continue.
# Native memory allocation (malloc) failed to allocate 32744 bytes for ChunkPool::allocate
# Possible reasons:
#   The system is out of physical RAM or swap space
#   The process is running with CompressedOops enabled, and the Java Heap may be blocking the growth of the native heap
# Possible solutions:
#   Reduce memory load on the system
#   Increase physical memory or swap space
#   Check if swap backing store is full
#   Decrease Java heap size (-Xmx/-Xms)
#   Decrease number of Java threads
#   Decrease Java thread stack sizes (-Xss)
#   Set larger code cache with -XX:ReservedCodeCacheSize=
#   JVM is running with Unscaled Compressed Oops mode in which the Java heap is
#     placed in the first 4GB address space. The Java Heap base address is the
#     maximum limit for the native heap growth. Please use -XX:HeapBaseMinAddress
#     to set the Java Heap base and to place the Java Heap above 4GB virtual address.
# This output file may be truncated or incomplete.
#
#  Out of Memory Error (allocation.cpp:272), pid=15500, tid=0x00000000000035c0
#
# JRE version: Java(TM) SE Runtime Environment (8.0_291-b10) (build 1.8.0_291-b10)
# Java VM: Java HotSpot(TM) 64-Bit Server VM (25.291-b10 mixed mode windows-amd64 compressed oops)
# Failed to write core dump. Minidumps are not enabled by default on client versions of Windows
#

---------------  T H R E A D  ---------------

Current thread (0x000001a6394a1800):  JavaThread "C1 CompilerThread3" daemon [_thread_in_native, id=13760, stack(0x0000007ae4c00000,0x0000007ae4d00000)]

Stack: [0x0000007ae4c00000,0x0000007ae4d00000]
Native frames: (J=compiled Java code, j=interpreted, Vv=VM code, C=native code)
V  [jvm.dll+0x32ea19]


Current CompileTask:
C1:   3295  685   !   3      
[error occurred during error reporting (printing current compile task), id 0xe0000001]


---------------  P R O C E S S  ---------------

Java Threads: ( => current thread )
  0x000001a62336e800 JavaThread "DestroyJavaVM" [_thread_blocked, id=20324, stack(0x0000007ae3900000,0x0000007ae3a00000)]
  0x000001a63bdb6800 JavaThread "Image Fetcher 3" daemon [_thread_blocked, id=19820, stack(0x0000007ae5300000,0x0000007ae5400000)]
  0x000001a63bd5f800 JavaThread "AWT-EventQueue-0" [_thread_blocked, id=17488, stack(0x0000007ae5200000,0x0000007ae5300000)]
  0x000001a63bc43000 JavaThread "AWT-Windows" daemon [_thread_in_native, id=14872, stack(0x0000007ae5100000,0x0000007ae5200000)]
  0x000001a63bc3c000 JavaThread "AWT-Shutdown" [_thread_blocked, id=18032, stack(0x0000007ae5000000,0x0000007ae5100000)]
  0x000001a63bc38000 JavaThread "Java2D Disposer" daemon [_thread_blocked, id=20008, stack(0x0000007ae4f00000,0x0000007ae5000000)]
  0x000001a63b91b000 JavaThread "Service Thread" daemon [_thread_blocked, id=8628, stack(0x0000007ae4d00000,0x0000007ae4e00000)]
=>0x000001a6394a1800 JavaThread "C1 CompilerThread3" daemon [_thread_in_native, id=13760, stack(0x0000007ae4c00000,0x0000007ae4d00000)]
  0x000001a63949c800 JavaThread "C2 CompilerThread2" daemon [_thread_blocked, id=19912, stack(0x0000007ae4b00000,0x0000007ae4c00000)]
  0x000001a639495800 JavaThread "C2 CompilerThread1" daemon [_thread_blocked, id=19808, stack(0x0000007ae4a00000,0x0000007ae4b00000)]
  0x000001a639493000 JavaThread "C2 CompilerThread0" daemon [_thread_blocked, id=16824, stack(0x0000007ae4900000,0x0000007ae4a00000)]
  0x000001a63b8a3000 JavaThread "Attach Listener" daemon [_thread_blocked, id=12700, stack(0x0000007ae4800000,0x0000007ae4900000)]
  0x000001a63b8a2800 JavaThread "Signal Dispatcher" daemon [_thread_blocked, id=304, stack(0x0000007ae4700000,0x0000007ae4800000)]
  0x000001a639458800 JavaThread "Finalizer" daemon [_thread_blocked, id=17352, stack(0x0000007ae4600000,0x0000007ae4700000)]
  0x000001a639431000 JavaThread "Reference Handler" daemon [_thread_blocked, id=19672, stack(0x0000007ae4500000,0x0000007ae4600000)]

Other Threads:
  0x000001a639428000 VMThread [stack: 0x0000007ae4400000,0x0000007ae4500000] [id=20112]
  0x000001a63b930000 WatcherThread [stack: 0x0000007ae4e00000,0x0000007ae4f00000] [id=19272]

VM state:not at safepoint (normal execution)

VM Mutex/Monitor currently owned by a thread: None

heap address: 0x0000000084e00000, size: 1970 MB, Compressed Oops mode: 32-bit
Narrow klass base: 0x0000000000000000, Narrow klass shift: 3
Compressed class space size: 1073741824 Address: 0x0000000100000000

Heap:
 PSYoungGen      total 36864K, used 14437K [0x00000000d6f80000, 0x00000000d9880000, 0x0000000100000000)
  eden space 31744K, 45% used [0x00000000d6f80000,0x00000000d7d99410,0x00000000d8e80000)
  from space 5120K, 0% used [0x00000000d9380000,0x00000000d9380000,0x00000000d9880000)
  to   space 5120K, 0% used [0x00000000d8e80000,0x00000000d8e80000,0x00000000d9380000)
 ParOldGen       total 84992K, used 0K [0x0000000084e00000, 0x000000008a100000, 0x00000000d6f80000)
  object space 84992K, 0% used [0x0000000084e00000,0x0000000084e00000,0x000000008a100000)
 Metaspace       used 10838K, capacity 11026K, committed 11264K, reserved 1058816K
  class space    used 1378K, capacity 1454K, committed 1536K, reserved 1048576K

Card table byte_map: [0x000001a6341d0000,0x000001a6345b0000] byte_map_base: 0x000001a633da9000

Marking Bits: (ParMarkBitMap*) 0x0000000062ab7fe0
 Begin Bits: [0x000001a634850000, 0x000001a636718000)
 End Bits:   [0x000001a636718000, 0x000001a6385e0000)

Polling page: 0x000001a6235d0000

CodeCache: size=245760Kb used=2606Kb max_used=2606Kb free=243153Kb
 bounds [0x000001a624e10000, 0x000001a6250a0000, 0x000001a633e10000]
 total_blobs=1159 nmethods=684 adapters=388
 compilation: enabled

Compilation events (10 events):
Event: 3.158 Thread 0x000001a6394a1800 nmethod 680 0x000001a6250994d0 code [0x000001a625099660, 0x000001a625099a80]
Event: 3.158 Thread 0x000001a6394a1800  681       3       java.util.HashMap::removeNode (291 bytes)
Event: 3.158 Thread 0x000001a6394a1800 nmethod 681 0x000001a625099bd0 code [0x000001a625099e20, 0x000001a62509b060]
Event: 3.192 Thread 0x000001a6394a1800  682       3       java.util.HashMap::afterNodeRemoval (1 bytes)
Event: 3.192 Thread 0x000001a6394a1800 nmethod 682 0x000001a62509b710 code [0x000001a62509b860, 0x000001a62509b9b8]
Event: 3.222 Thread 0x000001a6394a1800  683       3       java.awt.EventQueue::setCurrentEventAndMostRecentTime (8 bytes)
Event: 3.222 Thread 0x000001a6394a1800 nmethod 683 0x000001a62509ba50 code [0x000001a62509bc20, 0x000001a62509c260]
Event: 3.252 Thread 0x000001a6394a1800  684       3       sun.awt.SunToolkit::isTouchKeyboardAutoShowEnabled (4 bytes)
Event: 3.252 Thread 0x000001a6394a1800 nmethod 684 0x000001a62509c590 code [0x000001a62509c6e0, 0x000001a62509c838]
Event: 3.262 Thread 0x000001a6394a1800  685   !   3       java.awt.DefaultKeyboardFocusManager::dispatchEvent (1645 bytes)

GC Heap History (0 events):
No events

Deoptimization events (0 events):
No events

Classes redefined (0 events):
No events

Internal exceptions (10 events):
Event: 0.031 Thread 0x000001a62336e800 Exception <a 'java/lang/NoSuchMethodError': Method sun.misc.Unsafe.defineClass(Ljava/lang/String;[BII)Ljava/lang/Class; name or signature does not match> (0x00000000d6f87cc0) thrown at [C:\jenkins\workspace\8-2-build-windows-amd64-cygwin\jdk8u291\1294\hot
Event: 0.031 Thread 0x000001a62336e800 Exception <a 'java/lang/NoSuchMethodError': Method sun.misc.Unsafe.prefetchRead(Ljava/lang/Object;J)V name or signature does not match> (0x00000000d6f87fa8) thrown at [C:\jenkins\workspace\8-2-build-windows-amd64-cygwin\jdk8u291\1294\hotspot\src\share\vm\
Event: 0.100 Thread 0x000001a62336e800 Exception <a 'java/security/PrivilegedActionException'> (0x00000000d70475d0) thrown at [C:\jenkins\workspace\8-2-build-windows-amd64-cygwin\jdk8u291\1294\hotspot\src\share\vm\prims\jvm.cpp, line 1523]
Event: 0.100 Thread 0x000001a62336e800 Exception <a 'java/security/PrivilegedActionException'> (0x00000000d70477e0) thrown at [C:\jenkins\workspace\8-2-build-windows-amd64-cygwin\jdk8u291\1294\hotspot\src\share\vm\prims\jvm.cpp, line 1523]
Event: 0.100 Thread 0x000001a62336e800 Exception <a 'java/security/PrivilegedActionException'> (0x00000000d704a050) thrown at [C:\jenkins\workspace\8-2-build-windows-amd64-cygwin\jdk8u291\1294\hotspot\src\share\vm\prims\jvm.cpp, line 1523]
Event: 0.100 Thread 0x000001a62336e800 Exception <a 'java/security/PrivilegedActionException'> (0x00000000d704a260) thrown at [C:\jenkins\workspace\8-2-build-windows-amd64-cygwin\jdk8u291\1294\hotspot\src\share\vm\prims\jvm.cpp, line 1523]
Event: 0.110 Thread 0x000001a62336e800 Exception <a 'java/io/FileNotFoundException'> (0x00000000d7053698) thrown at [C:\jenkins\workspace\8-2-build-windows-amd64-cygwin\jdk8u291\1294\hotspot\src\share\vm\prims\jni.cpp, line 710]
Event: 0.135 Thread 0x000001a62336e800 Exception <a 'java/lang/NoSuchFieldError': method resolution failed> (0x00000000d71c2c40) thrown at [C:\jenkins\workspace\8-2-build-windows-amd64-cygwin\jdk8u291\1294\hotspot\src\share\vm\prims\methodHandles.cpp, line 1169]
Event: 0.136 Thread 0x000001a62336e800 Exception <a 'java/lang/NoSuchFieldError': method resolution failed> (0x00000000d71d0010) thrown at [C:\jenkins\workspace\8-2-build-windows-amd64-cygwin\jdk8u291\1294\hotspot\src\share\vm\prims\methodHandles.cpp, line 1169]
Event: 0.172 Thread 0x000001a62336e800 Exception <a 'java/io/FileNotFoundException'> (0x00000000d7268b98) thrown at [C:\jenkins\workspace\8-2-build-windows-amd64-cygwin\jdk8u291\1294\hotspot\src\share\vm\prims\jni.cpp, line 710]

Events (10 events):
Event: 1.951 loading class view/mainPage$6
Event: 1.951 loading class view/mainPage$6 done
Event: 1.971 loading class javax/swing/text/SegmentCache
Event: 1.972 loading class javax/swing/text/SegmentCache done
Event: 1.972 loading class javax/swing/text/SegmentCache$CachedSegment
Event: 1.972 loading class javax/swing/text/Segment
Event: 1.972 loading class javax/swing/text/Segment done
Event: 1.972 loading class javax/swing/text/SegmentCache$CachedSegment done
Event: 1.972 loading class javax/swing/text/Utilities
Event: 1.973 loading class javax/swing/text/Utilities done


Dynamic libraries:
0x00007ff7d9f70000 - 0x00007ff7d9fb7000 	E:\JAVA\JAVA8\jre1.8.0_291\bin\javaw.exe
0x00007ffa67e10000 - 0x00007ffa68005000 	C:\WINDOWS\SYSTEM32\ntdll.dll
0x00007ffa66d50000 - 0x00007ffa66e0d000 	C:\WINDOWS\System32\KERNEL32.DLL
0x00007ffa659f0000 - 0x00007ffa65cb8000 	C:\WINDOWS\System32\KERNELBASE.dll
0x00007ffa67770000 - 0x00007ffa6781c000 	C:\WINDOWS\System32\ADVAPI32.dll
0x00007ffa66070000 - 0x00007ffa6610e000 	C:\WINDOWS\System32\msvcrt.dll
0x00007ffa67820000 - 0x00007ffa678bb000 	C:\WINDOWS\System32\sechost.dll
0x00007ffa65f40000 - 0x00007ffa6606b000 	C:\WINDOWS\System32\RPCRT4.dll
0x00007ffa663d0000 - 0x00007ffa66570000 	C:\WINDOWS\System32\USER32.dll
0x00007ffa65730000 - 0x00007ffa65752000 	C:\WINDOWS\System32\win32u.dll
0x00007ffa670c0000 - 0x00007ffa670ea000 	C:\WINDOWS\System32\GDI32.dll
0x00007ffa65620000 - 0x00007ffa6572b000 	C:\WINDOWS\System32\gdi32full.dll
0x00007ffa65550000 - 0x00007ffa655ed000 	C:\WINDOWS\System32\msvcp_win.dll
0x00007ffa65cc0000 - 0x00007ffa65dc0000 	C:\WINDOWS\System32\ucrtbase.dll
0x00007ffa4ac20000 - 0x00007ffa4aeba000 	C:\WINDOWS\WinSxS\amd64_microsoft.windows.common-controls_6595b64144ccf1df_6.0.19041.844_none_ca00b6081b84eb1d\COMCTL32.dll
0x00007ffa66570000 - 0x00007ffa665a0000 	C:\WINDOWS\System32\IMM32.DLL
0x00007ffa61490000 - 0x00007ffa614a5000 	E:\JAVA\JAVA8\jre1.8.0_291\bin\vcruntime140.dll
0x00007ffa49600000 - 0x00007ffa4969b000 	E:\JAVA\JAVA8\jre1.8.0_291\bin\msvcp140.dll
0x00000000622d0000 - 0x0000000062b30000 	E:\JAVA\JAVA8\jre1.8.0_291\bin\server\jvm.dll
0x00007ffa66e10000 - 0x00007ffa66e18000 	C:\WINDOWS\System32\PSAPI.DLL
0x00007ffa5f640000 - 0x00007ffa5f649000 	C:\WINDOWS\SYSTEM32\WSOCK32.dll
0x00007ffa670f0000 - 0x00007ffa6715b000 	C:\WINDOWS\System32\WS2_32.dll
0x00007ffa5cc70000 - 0x00007ffa5cc7a000 	C:\WINDOWS\SYSTEM32\VERSION.dll
0x00007ffa4c0d0000 - 0x00007ffa4c0f7000 	C:\WINDOWS\SYSTEM32\WINMM.dll
0x00007ffa63e20000 - 0x00007ffa63e32000 	C:\WINDOWS\SYSTEM32\kernel.appcore.dll
0x00007ffa5eaf0000 - 0x00007ffa5eb00000 	E:\JAVA\JAVA8\jre1.8.0_291\bin\verify.dll
0x00007ffa49b50000 - 0x00007ffa49b7b000 	E:\JAVA\JAVA8\jre1.8.0_291\bin\java.dll
0x00007ffa5d740000 - 0x00007ffa5d758000 	E:\JAVA\JAVA8\jre1.8.0_291\bin\zip.dll
0x00007ffa665a0000 - 0x00007ffa66ce2000 	C:\WINDOWS\System32\SHELL32.dll
0x00007ffa63680000 - 0x00007ffa63e10000 	C:\WINDOWS\SYSTEM32\windows.storage.dll
0x00007ffa679b0000 - 0x00007ffa67d05000 	C:\WINDOWS\System32\combase.dll
0x00007ffa64fc0000 - 0x00007ffa64fec000 	C:\WINDOWS\SYSTEM32\Wldp.dll
0x00007ffa67d10000 - 0x00007ffa67dbe000 	C:\WINDOWS\System32\SHCORE.dll
0x00007ffa672a0000 - 0x00007ffa672f5000 	C:\WINDOWS\System32\shlwapi.dll
0x00007ffa65490000 - 0x00007ffa654af000 	C:\WINDOWS\SYSTEM32\profapi.dll
0x00007ffa48a90000 - 0x00007ffa48c25000 	E:\JAVA\JAVA8\jre1.8.0_291\bin\awt.dll
0x00007ffa65e70000 - 0x00007ffa65f3d000 	C:\WINDOWS\System32\OLEAUT32.dll
0x00007ffa62db0000 - 0x00007ffa62e40000 	C:\WINDOWS\SYSTEM32\apphelp.dll
0x00007ffa630c0000 - 0x00007ffa630ef000 	C:\WINDOWS\system32\DWMAPI.DLL
0x00007ffa62f70000 - 0x00007ffa6300e000 	C:\WINDOWS\system32\uxtheme.dll
0x00007ffa35d70000 - 0x00007ffa35e96000 	C:\WINDOWS\system32\opengl32.dll
0x00007ffa38900000 - 0x00007ffa3892c000 	C:\WINDOWS\SYSTEM32\GLU32.dll
0x00007ffa67160000 - 0x00007ffa67275000 	C:\WINDOWS\System32\MSCTF.dll
0x0000000180000000 - 0x0000000180013000 	C:\Program Files (x86)\南软\南软极域多媒体教学系统\LibTDProcHook64.dll
0x00007ffa662a0000 - 0x00007ffa663ca000 	C:\WINDOWS\System32\ole32.dll
0x00007ffa657b0000 - 0x00007ffa65830000 	C:\WINDOWS\System32\bcryptPrimitives.dll
0x00007ffa61440000 - 0x00007ffa61489000 	E:\JAVA\JAVA8\jre1.8.0_291\bin\fontmanager.dll
0x00007ffa4cd50000 - 0x00007ffa4cd6c000 	E:\JAVA\JAVA8\jre1.8.0_291\bin\net.dll
0x00007ffa64ce0000 - 0x00007ffa64d4a000 	C:\WINDOWS\system32\mswsock.dll
0x00007ffa4c410000 - 0x00007ffa4c423000 	E:\JAVA\JAVA8\jre1.8.0_291\bin\nio.dll
0x00007ffa48a40000 - 0x00007ffa48a83000 	E:\JAVA\JAVA8\jre1.8.0_291\bin\t2k.dll
0x00007ffa564a0000 - 0x00007ffa56599000 	C:\WINDOWS\SYSTEM32\textinputframework.dll
0x00007ffa62b80000 - 0x00007ffa62c72000 	C:\WINDOWS\System32\CoreMessaging.dll
0x00007ffa624a0000 - 0x00007ffa627fe000 	C:\WINDOWS\System32\CoreUIComponents.dll
0x00007ffa64290000 - 0x00007ffa642c3000 	C:\WINDOWS\SYSTEM32\ntmarta.dll
0x00007ffa614c0000 - 0x00007ffa61614000 	C:\WINDOWS\SYSTEM32\wintypes.dll
0x00007ffa661f0000 - 0x00007ffa66299000 	C:\WINDOWS\System32\clbcatq.dll
0x00007ffa26510000 - 0x00007ffa266f4000 	C:\Windows\system32\SogouTSF.ime
0x00007ffa4c2d0000 - 0x00007ffa4c2d7000 	C:\Windows\system32\MSIMG32.dll
0x00007ffa25950000 - 0x00007ffa261b3000 	C:\WINDOWS\system32\SogouPy.ime
0x00007ffa60690000 - 0x00007ffa6079b000 	C:\WINDOWS\SYSTEM32\WINHTTP.dll
0x00007ffa4aa00000 - 0x00007ffa4aa66000 	C:\WINDOWS\SYSTEM32\OLEACC.dll
0x00007ffa1e7b0000 - 0x00007ffa1e809000 	C:\Program Files (x86)\SogouInput\Components\MobileInput\1.0.0.75\MobileInput64.dll
0x00007ffa55e60000 - 0x00007ffa5633d000 	C:\WINDOWS\SYSTEM32\WININET.dll
0x0000000010000000 - 0x000000001011e000 	C:\Program Files (x86)\SogouInput\9.1.0.2589\Resource.dll
0x00007ffa4e960000 - 0x00007ffa4ea0c000 	C:\WINDOWS\SYSTEM32\TextShaping.dll
0x00007ffa586c0000 - 0x00007ffa58874000 	C:\WINDOWS\SYSTEM32\WindowsCodecs.dll
0x00007ffa655f0000 - 0x00007ffa65617000 	C:\WINDOWS\System32\bcrypt.dll
0x00007ffa309f0000 - 0x00007ffa30a2e000 	C:\WINDOWS\system32\dataexchange.dll
0x00007ffa622b0000 - 0x00007ffa62495000 	C:\WINDOWS\system32\dcomp.dll
0x00007ffa61a80000 - 0x00007ffa61ce4000 	C:\WINDOWS\system32\d3d11.dll
0x00007ffa63e90000 - 0x00007ffa63f84000 	C:\WINDOWS\system32\dxgi.dll
0x00007ffa5dd70000 - 0x00007ffa5df71000 	C:\WINDOWS\system32\twinapi.appcore.dll

VM Arguments:
jvm_args: -Dfile.encoding=GBK 
java_command: enterance.Main
java_class_path (initial): D:\Java软件\projects\BFZone\bin
Launcher Type: SUN_STANDARD

Environment Variables:
JAVA_HOME=E:\JAVA\JAVA9\jdk-9
CLASSPATH=.;E:\JAVA\JAVA9\jdk-9\lib\dt.jar;E:\JAVA\JAVA9\jdk-9\lib\tools.jar;
PATH=E:/JAVA/JAVA8/jre1.8.0_291/bin/server;E:/JAVA/JAVA8/jre1.8.0_291/bin;E:/JAVA/JAVA8/jre1.8.0_291/lib/amd64;C:\ProgramData\Oracle\Java\javapath;C:\WINDOWS\system32;C:\WINDOWS;C:\WINDOWS\System32\Wbem;C:\WINDOWS\System32\WindowsPowerShell\v1.0\;C:\WINDOWS\System32\OpenSSH\;E:\JAVA\JAVA9\jdk-9\jre\bin;E:\JAVA\JAVA9\jdk-9\bin;E:\JAVA\JAVA9\jre-9\bin;C:\Users\dell\AppData\Local\Microsoft\WindowsApps;;E:\eclipse;
USERNAME=dell
OS=Windows_NT
PROCESSOR_IDENTIFIER=Intel64 Family 6 Model 165 Stepping 3, GenuineIntel



---------------  S Y S T E M  ---------------

OS: Windows 10.0 , 64 bit Build 19041 (10.0.19041.928)

CPU:total 12 (initial active 12) (6 cores per cpu, 2 threads per core) family 6 model 165 stepping 3, cmov, cx8, fxsr, mmx, sse, sse2, sse3, ssse3, sse4.1, sse4.2, popcnt, avx, avx2, aes, clmul, erms, 3dnowpref, lzcnt, ht, tsc, tscinvbit, bmi1, bmi2, adx

Memory: 4k page, physical 8063280k(225920k free), swap 23529188k(1944k free)

vm_info: Java HotSpot(TM) 64-Bit Server VM (25.291-b10) for windows-amd64 JRE (1.8.0_291-b10), built on Apr  9 2021 00:02:00 by "java_re" with MS VC++ 15.9 (VS2017)

time: Wed Jun  2 19:32:09 2021
timezone: 中国标准时间
elapsed time: 3.300652 seconds (0d 0h 0m 3s)

